# JRE version: Java(TM) SE Runtime Environment 18.9 (11.0.15.1+2) (build 11.0.15.1+2-LTS-10)
# Java VM: Java HotSpot(TM) 64-Bit Server VM 18.9 (11.0.15.1+2-LTS-10, mixed mode, tiered, compressed oops, g1 gc, windows-amd64)
Heap:
 garbage-first heap   total 108544K, used 35865K [0x00000000c8c00000, 0x0000000100000000)
  region size 1024K, 2 young (2048K), 1 survivors (1024K)
 Metaspace       used 54538K, capacity 55783K, committed 55856K, reserved 1097728K
  class space    used 6785K, capacity 7267K, committed 7296K, reserved 1048576K
GC Heap History (10 events):
Event: 1059.426 GC heap before
{Heap before GC invocations=44 (full 0):
 garbage-first heap   total 108544K, used 38156K [0x00000000c8c00000, 0x0000000100000000)
  region size 1024K, 5 young (5120K), 1 survivors (1024K)
 Metaspace       used 51620K, capacity 52841K, committed 53040K, reserved 1095680K
  class space    used 6278K, capacity 6778K, committed 6784K, reserved 1048576K
}
Event: 1059.562 GC heap after
{Heap after GC invocations=45 (full 0):
 garbage-first heap   total 108544K, used 35161K [0x00000000c8c00000, 0x0000000100000000)
  region size 1024K, 1 young (1024K), 1 survivors (1024K)
 Metaspace       used 51620K, capacity 52841K, committed 53040K, reserved 1095680K
  class space    used 6278K, capacity 6778K, committed 6784K, reserved 1048576K
}
Event: 1069.809 GC heap before
{Heap before GC invocations=45 (full 0):
 garbage-first heap   total 108544K, used 38233K [0x00000000c8c00000, 0x0000000100000000)
  region size 1024K, 5 young (5120K), 1 survivors (1024K)
 Metaspace       used 52233K, capacity 53470K, committed 53680K, reserved 1095680K
  class space    used 6373K, capacity 6880K, committed 6912K, reserved 1048576K
}
Event: 1069.820 GC heap after
{Heap after GC invocations=46 (full 0):
 garbage-first heap   total 108544K, used 35311K [0x00000000c8c00000, 0x0000000100000000)
  region size 1024K, 1 young (1024K), 1 survivors (1024K)
 Metaspace       used 52233K, capacity 53470K, committed 53680K, reserved 1095680K
  class space    used 6373K, capacity 6880K, committed 6912K, reserved 1048576K
}
Event: 1080.106 GC heap before
{Heap before GC invocations=46 (full 0):
 garbage-first heap   total 108544K, used 39407K [0x00000000c8c00000, 0x0000000100000000)
  region size 1024K, 5 young (5120K), 1 survivors (1024K)
 Metaspace       used 53179K, capacity 54366K, committed 54704K, reserved 1097728K
  class space    used 6586K, capacity 7072K, committed 7168K, reserved 1048576K
}
Event: 1080.174 GC heap after
{Heap after GC invocations=47 (full 0):
 garbage-first heap   total 108544K, used 35539K [0x00000000c8c00000, 0x0000000100000000)
  region size 1024K, 1 young (1024K), 1 survivors (1024K)
 Metaspace       used 53179K, capacity 54366K, committed 54704K, reserved 1097728K
  class space    used 6586K, capacity 7072K, committed 7168K, reserved 1048576K
}
Event: 1087.287 GC heap before
{Heap before GC invocations=47 (full 0):
 garbage-first heap   total 108544K, used 40659K [0x00000000c8c00000, 0x0000000100000000)
  region size 1024K, 6 young (6144K), 1 survivors (1024K)
 Metaspace       used 53867K, capacity 55109K, committed 55344K, reserved 1097728K
  class space    used 6686K, capacity 7170K, committed 7296K, reserved 1048576K
}
Event: 1087.386 GC heap after
{Heap after GC invocations=48 (full 0):
 garbage-first heap   total 108544K, used 35685K [0x00000000c8c00000, 0x0000000100000000)
  region size 1024K, 1 young (1024K), 1 survivors (1024K)
 Metaspace       used 53867K, capacity 55109K, committed 55344K, reserved 1097728K
  class space    used 6686K, capacity 7170K, committed 7296K, reserved 1048576K
}
Event: 1107.814 GC heap before
{Heap before GC invocations=48 (full 0):
 garbage-first heap   total 108544K, used 40805K [0x00000000c8c00000, 0x0000000100000000)
  region size 1024K, 6 young (6144K), 1 survivors (1024K)
 Metaspace       used 54459K, capacity 55719K, committed 55856K, reserved 1097728K
  class space    used 6774K, capacity 7267K, committed 7296K, reserved 1048576K
}
Event: 1108.799 GC heap after
{Heap after GC invocations=49 (full 0):
 garbage-first heap   total 108544K, used 35865K [0x00000000c8c00000, 0x0000000100000000)
  region size 1024K, 1 young (1024K), 1 survivors (1024K)
 Metaspace       used 54459K, capacity 55719K, committed 55856K, reserved 1097728K
  class space    used 6774K, capacity 7267K, committed 7296K, reserved 1048576K
}

