# JRE version: Java(TM) SE Runtime Environment 18.9 (11.0.15.1+2) (build 11.0.15.1+2-LTS-10)
# Java VM: Java HotSpot(TM) 64-Bit Server VM 18.9 (11.0.15.1+2-LTS-10, mixed mode, tiered, compressed oops, g1 gc, windows-amd64)
Heap:
 garbage-first heap   total 110592K, used 49038K [0x00000000c8c00000, 0x0000000100000000)
  region size 1024K, 11 young (11264K), 2 survivors (2048K)
 Metaspace       used 67585K, capacity 68971K, committed 69248K, reserved 1110016K
  class space    used 8449K, capacity 8980K, committed 9088K, reserved 1048576K
GC Heap History (10 events):
Event: 1042.282 GC heap before
{Heap before GC invocations=63 (full 0):
 garbage-first heap   total 110592K, used 44723K [0x00000000c8c00000, 0x0000000100000000)
  region size 1024K, 5 young (5120K), 1 survivors (1024K)
 Metaspace       used 64756K, capacity 66028K, committed 66432K, reserved 1107968K
  class space    used 8123K, capacity 8641K, committed 8832K, reserved 1048576K
}
Event: 1042.296 GC heap after
{Heap after GC invocations=64 (full 0):
 garbage-first heap   total 110592K, used 40837K [0x00000000c8c00000, 0x0000000100000000)
  region size 1024K, 1 young (1024K), 1 survivors (1024K)
 Metaspace       used 64756K, capacity 66028K, committed 66432K, reserved 1107968K
  class space    used 8123K, capacity 8641K, committed 8832K, reserved 1048576K
}
Event: 1044.890 GC heap before
{Heap before GC invocations=64 (full 0):
 garbage-first heap   total 110592K, used 45957K [0x00000000c8c00000, 0x0000000100000000)
  region size 1024K, 6 young (6144K), 1 survivors (1024K)
 Metaspace       used 65020K, capacity 66337K, committed 66688K, reserved 1107968K
  class space    used 8138K, capacity 8651K, committed 8832K, reserved 1048576K
}
Event: 1044.934 GC heap after
{Heap after GC invocations=65 (full 0):
 garbage-first heap   total 110592K, used 41007K [0x00000000c8c00000, 0x0000000100000000)
  region size 1024K, 1 young (1024K), 1 survivors (1024K)
 Metaspace       used 65020K, capacity 66337K, committed 66688K, reserved 1107968K
  class space    used 8138K, capacity 8651K, committed 8832K, reserved 1048576K
}
Event: 1045.755 GC heap before
{Heap before GC invocations=65 (full 0):
 garbage-first heap   total 110592K, used 47151K [0x00000000c8c00000, 0x0000000100000000)
  region size 1024K, 7 young (7168K), 1 survivors (1024K)
 Metaspace       used 65304K, capacity 66644K, committed 66944K, reserved 1107968K
  class space    used 8152K, capacity 8660K, committed 8832K, reserved 1048576K
}
Event: 1045.787 GC heap after
{Heap after GC invocations=66 (full 0):
 garbage-first heap   total 110592K, used 41138K [0x00000000c8c00000, 0x0000000100000000)
  region size 1024K, 1 young (1024K), 1 survivors (1024K)
 Metaspace       used 65304K, capacity 66644K, committed 66944K, reserved 1107968K
  class space    used 8152K, capacity 8660K, committed 8832K, reserved 1048576K
}
Event: 1050.609 GC heap before
{Heap before GC invocations=66 (full 0):
 garbage-first heap   total 110592K, used 49330K [0x00000000c8c00000, 0x0000000100000000)
  region size 1024K, 9 young (9216K), 1 survivors (1024K)
 Metaspace       used 65933K, capacity 67191K, committed 67456K, reserved 1107968K
  class space    used 8224K, capacity 8731K, committed 8832K, reserved 1048576K
}
Event: 1050.618 GC heap after
{Heap after GC invocations=67 (full 0):
 garbage-first heap   total 110592K, used 41443K [0x00000000c8c00000, 0x0000000100000000)
  region size 1024K, 1 young (1024K), 1 survivors (1024K)
 Metaspace       used 65933K, capacity 67191K, committed 67456K, reserved 1107968K
  class space    used 8224K, capacity 8731K, committed 8832K, reserved 1048576K
}
Event: 1059.334 GC heap before
{Heap before GC invocations=67 (full 0):
 garbage-first heap   total 110592K, used 50659K [0x00000000c8c00000, 0x0000000100000000)
  region size 1024K, 11 young (11264K), 1 survivors (1024K)
 Metaspace       used 66878K, capacity 68130K, committed 68352K, reserved 1107968K
  class space    used 8362K, capacity 8896K, committed 8960K, reserved 1048576K
}
Event: 1059.360 GC heap after
{Heap after GC invocations=68 (full 0):
 garbage-first heap   total 110592K, used 41870K [0x00000000c8c00000, 0x0000000100000000)
  region size 1024K, 2 young (2048K), 2 survivors (2048K)
 Metaspace       used 66878K, capacity 68130K, committed 68352K, reserved 1107968K
  class space    used 8362K, capacity 8896K, committed 8960K, reserved 1048576K
}

